2015-09-01 12:43:20,638 INFO  [BaseTestSanitySuite] New driver instantiated 
2015-09-01 12:43:20,668 INFO  [BaseTestSanitySuite] Implicit wait applied 
2015-09-01 12:43:20,690 INFO  [BaseTestSanitySuite] **************************************************************************************** 
2015-09-01 12:43:20,690 INFO  [BaseTestSanitySuite] **************************************************************************************** 
2015-09-01 12:43:20,690 INFO  [BaseTestSanitySuite] $$$$$$$$$$$$$$$$$$$$$                 viewPopularAndMoreCategory       $$$$$$$$$$$$$$$$$$$$$$$$$ 
2015-09-01 12:43:20,691 INFO  [BaseTestSanitySuite] **************************************************************************************** 
2015-09-01 12:43:20,691 INFO  [BaseTestSanitySuite] **************************************************************************************** 
2015-09-01 12:43:20,691 INFO  [BaseTestSanitySuite] calling home page function 
2015-09-01 12:43:33,182 INFO  [BaseTestSanitySuite] open navigation drawer 
2015-09-01 12:46:51,429 INFO  [BaseTestSanitySuite] New driver instantiated 
2015-09-01 12:46:51,469 INFO  [BaseTestSanitySuite] Implicit wait applied 
2015-09-01 12:46:51,477 INFO  [BaseTestSanitySuite] **************************************************************************************** 
2015-09-01 12:46:51,477 INFO  [BaseTestSanitySuite] **************************************************************************************** 
2015-09-01 12:46:51,477 INFO  [BaseTestSanitySuite] $$$$$$$$$$$$$$$$$$$$$                 viewPopularAndMoreCategory       $$$$$$$$$$$$$$$$$$$$$$$$$ 
2015-09-01 12:46:51,477 INFO  [BaseTestSanitySuite] **************************************************************************************** 
2015-09-01 12:46:51,478 INFO  [BaseTestSanitySuite] **************************************************************************************** 
2015-09-01 12:46:51,478 INFO  [BaseTestSanitySuite] calling home page function 
2015-09-01 12:47:06,397 INFO  [BaseTestSanitySuite] open navigation drawer 
2015-09-01 12:49:02,129 INFO  [BaseTestSanitySuite] New driver instantiated 
2015-09-01 12:49:02,147 INFO  [BaseTestSanitySuite] Implicit wait applied 
2015-09-01 12:49:02,162 INFO  [BaseTestSanitySuite] **************************************************************************************** 
2015-09-01 12:49:02,162 INFO  [BaseTestSanitySuite] **************************************************************************************** 
2015-09-01 12:49:02,162 INFO  [BaseTestSanitySuite] $$$$$$$$$$$$$$$$$$$$$                 viewPopularAndMoreCategory       $$$$$$$$$$$$$$$$$$$$$$$$$ 
2015-09-01 12:49:02,162 INFO  [BaseTestSanitySuite] **************************************************************************************** 
2015-09-01 12:49:02,162 INFO  [BaseTestSanitySuite] **************************************************************************************** 
2015-09-01 12:49:02,162 INFO  [BaseTestSanitySuite] calling home page function 
2015-09-01 12:49:15,467 INFO  [BaseTestSanitySuite] open navigation drawer 
2015-09-01 12:51:11,940 INFO  [BaseTestSanitySuite] New driver instantiated 
2015-09-01 12:51:11,964 INFO  [BaseTestSanitySuite] Implicit wait applied 
2015-09-01 12:51:11,974 INFO  [BaseTestSanitySuite] **************************************************************************************** 
2015-09-01 12:51:11,974 INFO  [BaseTestSanitySuite] **************************************************************************************** 
2015-09-01 12:51:11,974 INFO  [BaseTestSanitySuite] $$$$$$$$$$$$$$$$$$$$$                 viewPopularAndMoreCategory       $$$$$$$$$$$$$$$$$$$$$$$$$ 
2015-09-01 12:51:11,974 INFO  [BaseTestSanitySuite] **************************************************************************************** 
2015-09-01 12:51:11,974 INFO  [BaseTestSanitySuite] **************************************************************************************** 
2015-09-01 12:51:11,974 INFO  [BaseTestSanitySuite] calling home page function 
2015-09-01 12:51:25,277 INFO  [BaseTestSanitySuite] open navigation drawer 
2015-09-01 12:56:55,877 INFO  [BaseTestSanitySuite] New driver instantiated 
2015-09-01 12:56:55,911 INFO  [BaseTestSanitySuite] Implicit wait applied 
2015-09-01 12:56:55,929 INFO  [BaseTestSanitySuite] **************************************************************************************** 
2015-09-01 12:56:55,929 INFO  [BaseTestSanitySuite] **************************************************************************************** 
2015-09-01 12:56:55,930 INFO  [BaseTestSanitySuite] $$$$$$$$$$$$$$$$$$$$$                 viewPopularAndMoreCategory       $$$$$$$$$$$$$$$$$$$$$$$$$ 
2015-09-01 12:56:55,930 INFO  [BaseTestSanitySuite] **************************************************************************************** 
2015-09-01 12:56:55,930 INFO  [BaseTestSanitySuite] **************************************************************************************** 
2015-09-01 12:56:55,930 INFO  [BaseTestSanitySuite] calling home page function 
2015-09-01 12:57:11,407 INFO  [BaseTestSanitySuite] open navigation drawer 
2015-09-01 12:57:22,244 INFO  [BaseTestSanitySuite] Verifying assertion 
2015-09-01 12:57:23,470 INFO  [BaseTestSanitySuite] XXXXXXXXXXXXXXXXXXXXXXX             -E---N---D-             XXXXXXXXXXXXXXXXXXXXXX 
2015-09-01 12:57:23,471 INFO  [BaseTestSanitySuite] X 
2015-09-01 12:57:23,471 INFO  [BaseTestSanitySuite] X 
2015-09-01 12:57:23,472 INFO  [BaseTestSanitySuite] X 
2015-09-01 12:57:23,472 INFO  [BaseTestSanitySuite] X 
2015-09-01 12:57:27,753 INFO  [BaseTestSanitySuite] open navigation drawer 
2015-09-01 12:57:35,309 INFO  [BaseTestSanitySuite] Verifying assertion 
2015-09-01 12:57:35,956 INFO  [BaseTestSanitySuite] XXXXXXXXXXXXXXXXXXXXXXX             -E---N---D-             XXXXXXXXXXXXXXXXXXXXXX 
2015-09-01 12:57:35,956 INFO  [BaseTestSanitySuite] X 
2015-09-01 12:57:35,956 INFO  [BaseTestSanitySuite] X 
2015-09-01 12:57:35,957 INFO  [BaseTestSanitySuite] X 
2015-09-01 12:57:35,957 INFO  [BaseTestSanitySuite] X 
2015-09-01 12:57:39,630 INFO  [BaseTestSanitySuite] open navigation drawer 
2015-09-01 12:57:47,288 INFO  [BaseTestSanitySuite] Verifying assertion 
2015-09-01 12:57:48,127 INFO  [BaseTestSanitySuite] XXXXXXXXXXXXXXXXXXXXXXX             -E---N---D-             XXXXXXXXXXXXXXXXXXXXXX 
2015-09-01 12:57:48,128 INFO  [BaseTestSanitySuite] X 
2015-09-01 12:57:48,128 INFO  [BaseTestSanitySuite] X 
2015-09-01 12:57:48,129 INFO  [BaseTestSanitySuite] X 
2015-09-01 12:57:48,129 INFO  [BaseTestSanitySuite] X 
2015-09-01 12:57:52,117 INFO  [BaseTestSanitySuite] open navigation drawer 
2015-09-01 12:57:58,717 INFO  [BaseTestSanitySuite] Verifying assertion 
2015-09-01 12:57:59,508 INFO  [BaseTestSanitySuite] XXXXXXXXXXXXXXXXXXXXXXX             -E---N---D-             XXXXXXXXXXXXXXXXXXXXXX 
2015-09-01 12:57:59,509 INFO  [BaseTestSanitySuite] X 
2015-09-01 12:57:59,509 INFO  [BaseTestSanitySuite] X 
2015-09-01 12:57:59,510 INFO  [BaseTestSanitySuite] X 
2015-09-01 12:57:59,510 INFO  [BaseTestSanitySuite] X 
2015-09-01 12:58:02,266 INFO  [BaseTestSanitySuite] open navigation drawer 
2015-09-01 12:58:09,163 INFO  [BaseTestSanitySuite] Verifying assertion 
2015-09-01 12:58:09,874 INFO  [BaseTestSanitySuite] XXXXXXXXXXXXXXXXXXXXXXX             -E---N---D-             XXXXXXXXXXXXXXXXXXXXXX 
2015-09-01 12:58:09,875 INFO  [BaseTestSanitySuite] X 
2015-09-01 12:58:09,875 INFO  [BaseTestSanitySuite] X 
2015-09-01 12:58:09,875 INFO  [BaseTestSanitySuite] X 
2015-09-01 12:58:09,875 INFO  [BaseTestSanitySuite] X 
2015-09-01 12:58:12,804 INFO  [BaseTestSanitySuite] open navigation drawer 
2015-09-01 12:58:19,013 INFO  [BaseTestSanitySuite] Verifying assertion 
2015-09-01 12:58:19,660 INFO  [BaseTestSanitySuite] XXXXXXXXXXXXXXXXXXXXXXX             -E---N---D-             XXXXXXXXXXXXXXXXXXXXXX 
2015-09-01 12:58:19,660 INFO  [BaseTestSanitySuite] X 
2015-09-01 12:58:19,660 INFO  [BaseTestSanitySuite] X 
2015-09-01 12:58:19,661 INFO  [BaseTestSanitySuite] X 
2015-09-01 12:58:19,661 INFO  [BaseTestSanitySuite] X 
2015-09-01 13:27:26,107 INFO  [BaseTestSanitySuite] New driver instantiated 
2015-09-01 13:27:26,140 INFO  [BaseTestSanitySuite] Implicit wait applied 
2015-09-01 13:27:26,150 INFO  [BaseTestSanitySuite] **************************************************************************************** 
2015-09-01 13:27:26,150 INFO  [BaseTestSanitySuite] **************************************************************************************** 
2015-09-01 13:27:26,150 INFO  [BaseTestSanitySuite] $$$$$$$$$$$$$$$$$$$$$                 Product image,name,button should get displayed       $$$$$$$$$$$$$$$$$$$$$$$$$ 
2015-09-01 13:27:26,150 INFO  [BaseTestSanitySuite] **************************************************************************************** 
2015-09-01 13:27:26,150 INFO  [BaseTestSanitySuite] **************************************************************************************** 
2015-09-01 13:27:26,150 INFO  [BaseTestSanitySuite] Call the function of home page function 
2015-09-01 13:27:39,500 INFO  [BaseTestSanitySuite] Click on Search icon id 
2015-09-01 13:27:49,579 INFO  [BaseTestSanitySuite] sending keys on  search bar 
2015-09-01 13:27:51,647 INFO  [BaseTestSanitySuite] clicking suggested product 
2015-09-01 13:29:16,136 INFO  [BaseTestSanitySuite] New driver instantiated 
2015-09-01 13:29:16,154 INFO  [BaseTestSanitySuite] Implicit wait applied 
2015-09-01 13:29:16,162 INFO  [BaseTestSanitySuite] **************************************************************************************** 
2015-09-01 13:29:16,163 INFO  [BaseTestSanitySuite] **************************************************************************************** 
2015-09-01 13:29:16,163 INFO  [BaseTestSanitySuite] $$$$$$$$$$$$$$$$$$$$$                 Product image,name,button should get displayed       $$$$$$$$$$$$$$$$$$$$$$$$$ 
2015-09-01 13:29:16,163 INFO  [BaseTestSanitySuite] **************************************************************************************** 
2015-09-01 13:29:16,163 INFO  [BaseTestSanitySuite] **************************************************************************************** 
2015-09-01 13:29:16,163 INFO  [BaseTestSanitySuite] Call the function of home page function 
2015-09-01 13:29:27,774 INFO  [BaseTestSanitySuite] Click on Search icon id 
2015-09-01 13:29:37,611 INFO  [BaseTestSanitySuite] sending keys on  search bar 
2015-09-01 13:29:39,654 INFO  [BaseTestSanitySuite] clicking suggested product 
2015-09-01 13:36:29,839 INFO  [BaseTestSanitySuite] New driver instantiated 
2015-09-01 13:36:29,863 INFO  [BaseTestSanitySuite] Implicit wait applied 
2015-09-01 13:36:29,882 INFO  [BaseTestSanitySuite] **************************************************************************************** 
2015-09-01 13:36:29,882 INFO  [BaseTestSanitySuite] **************************************************************************************** 
2015-09-01 13:36:29,883 INFO  [BaseTestSanitySuite] $$$$$$$$$$$$$$$$$$$$$                 Product image,name,button should get displayed       $$$$$$$$$$$$$$$$$$$$$$$$$ 
2015-09-01 13:36:29,883 INFO  [BaseTestSanitySuite] **************************************************************************************** 
2015-09-01 13:36:29,883 INFO  [BaseTestSanitySuite] **************************************************************************************** 
2015-09-01 13:36:29,883 INFO  [BaseTestSanitySuite] Call the function of home page function 
2015-09-01 13:36:43,114 INFO  [BaseTestSanitySuite] Click on Search icon id 
2015-09-01 13:36:52,652 INFO  [BaseTestSanitySuite] sending keys on  search bar 
2015-09-01 13:36:54,015 INFO  [BaseTestSanitySuite] clicking suggested product 
2015-09-01 13:36:56,953 INFO  [BaseTestSanitySuite] XXXXXXXXXXXXXXXXXXXXXXX             -E---N---D-             XXXXXXXXXXXXXXXXXXXXXX 
2015-09-01 13:36:56,953 INFO  [BaseTestSanitySuite] X 
2015-09-01 13:36:56,953 INFO  [BaseTestSanitySuite] X 
2015-09-01 13:36:56,953 INFO  [BaseTestSanitySuite] X 
2015-09-01 13:36:56,953 INFO  [BaseTestSanitySuite] X 
2015-09-01 13:47:13,124 INFO  [BaseTestSanitySuite] New driver instantiated 
2015-09-01 13:47:13,142 INFO  [BaseTestSanitySuite] Implicit wait applied 
2015-09-01 13:47:13,152 INFO  [BaseTestSanitySuite] **************************************************************************************** 
2015-09-01 13:47:13,152 INFO  [BaseTestSanitySuite] **************************************************************************************** 
2015-09-01 13:47:13,152 INFO  [BaseTestSanitySuite] $$$$$$$$$$$$$$$$$$$$$                 Product image,name,button should get displayed       $$$$$$$$$$$$$$$$$$$$$$$$$ 
2015-09-01 13:47:13,153 INFO  [BaseTestSanitySuite] **************************************************************************************** 
2015-09-01 13:47:13,153 INFO  [BaseTestSanitySuite] **************************************************************************************** 
2015-09-01 13:47:13,153 INFO  [BaseTestSanitySuite] Call the function of home page function 
2015-09-01 13:47:27,899 INFO  [BaseTestSanitySuite] Click on Search icon id 
2015-09-01 13:47:37,218 INFO  [BaseTestSanitySuite] sending keys on  search bar 
2015-09-01 13:47:39,203 INFO  [BaseTestSanitySuite] clicking suggested product 
2015-09-01 13:47:42,550 INFO  [BaseTestSanitySuite] Click on Search icon id 
2015-09-01 13:47:49,300 INFO  [BaseTestSanitySuite] sending keys on  search bar 
2015-09-01 13:47:51,190 INFO  [BaseTestSanitySuite] clicking suggested product 
2015-09-01 13:47:54,253 INFO  [BaseTestSanitySuite] XXXXXXXXXXXXXXXXXXXXXXX             -E---N---D-             XXXXXXXXXXXXXXXXXXXXXX 
2015-09-01 13:47:54,253 INFO  [BaseTestSanitySuite] X 
2015-09-01 13:47:54,253 INFO  [BaseTestSanitySuite] X 
2015-09-01 13:47:54,253 INFO  [BaseTestSanitySuite] X 
2015-09-01 13:47:54,253 INFO  [BaseTestSanitySuite] X 
2015-09-01 16:54:38,491 INFO  [BaseTestSanitySuite] New driver instantiated 
2015-09-01 16:54:38,515 INFO  [BaseTestSanitySuite] Implicit wait applied 
2015-09-01 16:54:38,531 INFO  [BaseTestSanitySuite] **************************************************************************************** 
2015-09-01 16:54:38,532 INFO  [BaseTestSanitySuite] **************************************************************************************** 
2015-09-01 16:54:38,532 INFO  [BaseTestSanitySuite] $$$$$$$$$$$$$$$$$$$$$                 Product image,name,button should get displayed       $$$$$$$$$$$$$$$$$$$$$$$$$ 
2015-09-01 16:54:38,532 INFO  [BaseTestSanitySuite] **************************************************************************************** 
2015-09-01 16:54:38,532 INFO  [BaseTestSanitySuite] **************************************************************************************** 
2015-09-01 16:54:38,532 INFO  [BaseTestSanitySuite] Call the function of home page function 
2015-09-01 16:54:52,223 INFO  [BaseTestSanitySuite] Click on Search icon id 
2015-09-01 16:55:00,799 INFO  [BaseTestSanitySuite] sending keys on  search bar 
2015-09-01 16:55:02,721 INFO  [BaseTestSanitySuite] clicking suggested product 
2015-09-01 16:55:06,045 INFO  [BaseTestSanitySuite] Click on Search icon id 
2015-09-01 16:55:13,408 INFO  [BaseTestSanitySuite] sending keys on  search bar 
2015-09-01 16:55:15,338 INFO  [BaseTestSanitySuite] clicking suggested product 
2015-09-01 16:55:17,730 INFO  [BaseTestSanitySuite] XXXXXXXXXXXXXXXXXXXXXXX             -E---N---D-             XXXXXXXXXXXXXXXXXXXXXX 
2015-09-01 16:55:17,730 INFO  [BaseTestSanitySuite] X 
2015-09-01 16:55:17,730 INFO  [BaseTestSanitySuite] X 
2015-09-01 16:55:17,730 INFO  [BaseTestSanitySuite] X 
2015-09-01 16:55:17,730 INFO  [BaseTestSanitySuite] X 
2015-09-01 17:13:23,216 INFO  [BaseTestSanitySuite] New driver instantiated 
2015-09-01 17:13:23,244 INFO  [BaseTestSanitySuite] Implicit wait applied 
2015-09-01 17:13:23,260 INFO  [BaseTestSanitySuite] **************************************************************************************** 
2015-09-01 17:13:23,260 INFO  [BaseTestSanitySuite] **************************************************************************************** 
2015-09-01 17:13:23,260 INFO  [BaseTestSanitySuite] $$$$$$$$$$$$$$$$$$$$$                 Product image,name,button should get displayed       $$$$$$$$$$$$$$$$$$$$$$$$$ 
2015-09-01 17:13:23,261 INFO  [BaseTestSanitySuite] **************************************************************************************** 
2015-09-01 17:13:23,261 INFO  [BaseTestSanitySuite] **************************************************************************************** 
2015-09-01 17:13:23,261 INFO  [BaseTestSanitySuite] Call the function of home page function 
2015-09-01 17:13:39,124 INFO  [BaseTestSanitySuite] Click on Search icon id 
2015-09-01 17:13:48,623 INFO  [BaseTestSanitySuite] sending keys on  search bar 
2015-09-01 17:13:50,636 INFO  [BaseTestSanitySuite] clicking suggested product 
2015-09-01 17:13:52,970 INFO  [BaseTestSanitySuite] clicking image 
2015-09-01 17:17:06,433 INFO  [BaseTestSanitySuite] New driver instantiated 
2015-09-01 17:17:06,461 INFO  [BaseTestSanitySuite] Implicit wait applied 
2015-09-01 17:17:06,469 INFO  [BaseTestSanitySuite] **************************************************************************************** 
2015-09-01 17:17:06,470 INFO  [BaseTestSanitySuite] **************************************************************************************** 
2015-09-01 17:17:06,470 INFO  [BaseTestSanitySuite] $$$$$$$$$$$$$$$$$$$$$                 Product image,name,button should get displayed       $$$$$$$$$$$$$$$$$$$$$$$$$ 
2015-09-01 17:17:06,470 INFO  [BaseTestSanitySuite] **************************************************************************************** 
2015-09-01 17:17:06,470 INFO  [BaseTestSanitySuite] **************************************************************************************** 
2015-09-01 17:17:06,470 INFO  [BaseTestSanitySuite] Call the function of home page function 
2015-09-01 17:17:19,414 INFO  [BaseTestSanitySuite] Click on Search icon id 
2015-09-01 17:17:28,781 INFO  [BaseTestSanitySuite] sending keys on  search bar 
2015-09-01 17:17:30,817 INFO  [BaseTestSanitySuite] clicking suggested product 
2015-09-01 17:17:33,248 INFO  [BaseTestSanitySuite] clicking image 
2015-09-01 17:20:44,532 INFO  [BaseTestSanitySuite] New driver instantiated 
2015-09-01 17:20:44,554 INFO  [BaseTestSanitySuite] Implicit wait applied 
2015-09-01 17:20:44,571 INFO  [BaseTestSanitySuite] **************************************************************************************** 
2015-09-01 17:20:44,571 INFO  [BaseTestSanitySuite] **************************************************************************************** 
2015-09-01 17:20:44,571 INFO  [BaseTestSanitySuite] $$$$$$$$$$$$$$$$$$$$$                 Product image,name,button should get displayed       $$$$$$$$$$$$$$$$$$$$$$$$$ 
2015-09-01 17:20:44,571 INFO  [BaseTestSanitySuite] **************************************************************************************** 
2015-09-01 17:20:44,571 INFO  [BaseTestSanitySuite] **************************************************************************************** 
2015-09-01 17:20:44,572 INFO  [BaseTestSanitySuite] Call the function of home page function 
2015-09-01 17:20:57,973 INFO  [BaseTestSanitySuite] Click on Search icon id 
2015-09-01 17:21:06,342 INFO  [BaseTestSanitySuite] sending keys on  search bar 
2015-09-01 17:21:08,519 INFO  [BaseTestSanitySuite] clicking suggested product 
2015-09-01 17:21:10,941 INFO  [BaseTestSanitySuite] clicking image 
2015-09-01 18:17:56,669 INFO  [BaseTestSanitySuite] New driver instantiated 
2015-09-01 18:17:56,690 INFO  [BaseTestSanitySuite] Implicit wait applied 
2015-09-01 18:17:56,697 INFO  [BaseTestSanitySuite] **************************************************************************************** 
2015-09-01 18:17:56,698 INFO  [BaseTestSanitySuite] **************************************************************************************** 
2015-09-01 18:17:56,698 INFO  [BaseTestSanitySuite] $$$$$$$$$$$$$$$$$$$$$                 productEnlargedImage       $$$$$$$$$$$$$$$$$$$$$$$$$ 
2015-09-01 18:17:56,698 INFO  [BaseTestSanitySuite] **************************************************************************************** 
2015-09-01 18:17:56,698 INFO  [BaseTestSanitySuite] **************************************************************************************** 
2015-09-01 18:17:56,698 INFO  [BaseTestSanitySuite] Call the function of home page function 
2015-09-01 18:18:10,146 INFO  [BaseTestSanitySuite] Click on Search icon id 
2015-09-01 18:18:19,183 INFO  [BaseTestSanitySuite] sending keys on  search bar 
2015-09-01 18:18:21,414 INFO  [BaseTestSanitySuite] clicking suggested product 
2015-09-01 18:18:23,940 INFO  [BaseTestSanitySuite] clicking image 
2015-09-01 18:18:25,090 INFO  [BaseTestSanitySuite] verifying assertion 
2015-09-03 12:34:56,917 INFO  [BaseTestSanitySuite] New driver instantiated 
2015-09-03 12:34:56,980 INFO  [BaseTestSanitySuite] Implicit wait applied 
2015-09-03 12:34:56,988 INFO  [BaseTestSanitySuite] **************************************************************************************** 
2015-09-03 12:34:56,988 INFO  [BaseTestSanitySuite] **************************************************************************************** 
2015-09-03 12:34:56,988 INFO  [BaseTestSanitySuite] $$$$$$$$$$$$$$$$$$$$$                 Product features details       $$$$$$$$$$$$$$$$$$$$$$$$$ 
2015-09-03 12:34:56,988 INFO  [BaseTestSanitySuite] **************************************************************************************** 
2015-09-03 12:34:56,988 INFO  [BaseTestSanitySuite] **************************************************************************************** 
2015-09-03 12:34:56,988 INFO  [BaseTestSanitySuite] Call the function of home page function 
2015-09-03 12:35:04,219 INFO  [BaseTestSanitySuite] Click on Search icon id 
2015-09-03 12:35:14,319 INFO  [BaseTestSanitySuite] sending keys on  search bar 
2015-09-03 12:35:16,376 INFO  [BaseTestSanitySuite] clicking suggested product 
2015-09-03 12:35:19,604 INFO  [BaseTestSanitySuite] swipping the window 
2015-09-03 12:36:54,797 INFO  [BaseTestSanitySuite] New driver instantiated 
2015-09-03 12:36:54,823 INFO  [BaseTestSanitySuite] Implicit wait applied 
2015-09-03 12:36:54,836 INFO  [BaseTestSanitySuite] **************************************************************************************** 
2015-09-03 12:36:54,836 INFO  [BaseTestSanitySuite] **************************************************************************************** 
2015-09-03 12:36:54,836 INFO  [BaseTestSanitySuite] $$$$$$$$$$$$$$$$$$$$$                 Product features details       $$$$$$$$$$$$$$$$$$$$$$$$$ 
2015-09-03 12:36:54,837 INFO  [BaseTestSanitySuite] **************************************************************************************** 
2015-09-03 12:36:54,837 INFO  [BaseTestSanitySuite] **************************************************************************************** 
2015-09-03 12:36:54,837 INFO  [BaseTestSanitySuite] Call the function of home page function 
2015-09-03 12:37:06,157 INFO  [BaseTestSanitySuite] Click on Search icon id 
2015-09-03 12:37:15,884 INFO  [BaseTestSanitySuite] sending keys on  search bar 
2015-09-03 12:37:17,955 INFO  [BaseTestSanitySuite] clicking suggested product 
2015-09-03 12:37:21,502 INFO  [BaseTestSanitySuite] swipping the window 
2015-09-03 12:40:17,754 INFO  [BaseTestSanitySuite] New driver instantiated 
2015-09-03 12:40:17,779 INFO  [BaseTestSanitySuite] Implicit wait applied 
2015-09-03 12:40:17,798 INFO  [BaseTestSanitySuite] **************************************************************************************** 
2015-09-03 12:40:17,799 INFO  [BaseTestSanitySuite] **************************************************************************************** 
2015-09-03 12:40:17,799 INFO  [BaseTestSanitySuite] $$$$$$$$$$$$$$$$$$$$$                 Product features details       $$$$$$$$$$$$$$$$$$$$$$$$$ 
2015-09-03 12:40:17,799 INFO  [BaseTestSanitySuite] **************************************************************************************** 
2015-09-03 12:40:17,799 INFO  [BaseTestSanitySuite] **************************************************************************************** 
2015-09-03 12:40:17,799 INFO  [BaseTestSanitySuite] Call the function of home page function 
2015-09-03 12:40:30,712 INFO  [BaseTestSanitySuite] Click on Search icon id 
2015-09-03 12:40:40,358 INFO  [BaseTestSanitySuite] sending keys on  search bar 
2015-09-03 12:40:41,682 INFO  [BaseTestSanitySuite] clicking suggested product 
2015-09-03 12:40:48,107 INFO  [BaseTestSanitySuite] swipping the window 
2015-09-03 12:40:49,936 INFO  [BaseTestSanitySuite] verifying assertion 
2015-09-03 12:40:50,453 INFO  [BaseTestSanitySuite] Click on Search icon id 
2015-09-03 12:40:57,604 INFO  [BaseTestSanitySuite] sending keys on  search bar 
2015-09-03 12:40:59,088 INFO  [BaseTestSanitySuite] clicking suggested product 
2015-09-03 12:41:04,530 INFO  [BaseTestSanitySuite] swipping the window 
2015-09-03 12:44:21,478 INFO  [BaseTestSanitySuite] New driver instantiated 
2015-09-03 12:44:21,500 INFO  [BaseTestSanitySuite] Implicit wait applied 
2015-09-03 12:44:21,509 INFO  [BaseTestSanitySuite] **************************************************************************************** 
2015-09-03 12:44:21,509 INFO  [BaseTestSanitySuite] **************************************************************************************** 
2015-09-03 12:44:21,509 INFO  [BaseTestSanitySuite] $$$$$$$$$$$$$$$$$$$$$                 Product features details       $$$$$$$$$$$$$$$$$$$$$$$$$ 
2015-09-03 12:44:21,509 INFO  [BaseTestSanitySuite] **************************************************************************************** 
2015-09-03 12:44:21,509 INFO  [BaseTestSanitySuite] **************************************************************************************** 
2015-09-03 12:44:21,509 INFO  [BaseTestSanitySuite] Call the function of home page function 
2015-09-03 12:44:34,193 INFO  [BaseTestSanitySuite] Click on Search icon id 
2015-09-03 12:44:42,272 INFO  [BaseTestSanitySuite] sending keys on  search bar 
2015-09-03 12:44:44,270 INFO  [BaseTestSanitySuite] clicking suggested product 
2015-09-03 12:44:50,269 INFO  [BaseTestSanitySuite] swipping the window 
2015-09-03 12:44:51,920 INFO  [BaseTestSanitySuite] verifying assertion 
2015-09-03 12:44:52,508 INFO  [BaseTestSanitySuite] Click on Search icon id 
2015-09-03 12:45:02,432 INFO  [BaseTestSanitySuite] sending keys on  search bar 
2015-09-03 12:45:04,378 INFO  [BaseTestSanitySuite] clicking suggested product 
2015-09-03 12:45:10,429 INFO  [BaseTestSanitySuite] swipping the window 
2015-09-03 12:45:11,772 INFO  [BaseTestSanitySuite] verifying assertion 
2015-09-03 12:45:11,772 INFO  [BaseTestSanitySuite] XXXXXXXXXXXXXXXXXXXXXXX             -E---N---D-             XXXXXXXXXXXXXXXXXXXXXX 
2015-09-03 12:45:11,772 INFO  [BaseTestSanitySuite] X 
2015-09-03 12:45:11,772 INFO  [BaseTestSanitySuite] X 
2015-09-03 12:45:11,773 INFO  [BaseTestSanitySuite] X 
2015-09-03 12:45:11,773 INFO  [BaseTestSanitySuite] X 
2015-09-03 12:55:49,158 INFO  [BaseTestSanitySuite] New driver instantiated 
2015-09-03 12:55:49,184 INFO  [BaseTestSanitySuite] Implicit wait applied 
2015-09-03 12:55:49,196 INFO  [BaseTestSanitySuite] **************************************************************************************** 
2015-09-03 12:55:49,197 INFO  [BaseTestSanitySuite] **************************************************************************************** 
2015-09-03 12:55:49,197 INFO  [BaseTestSanitySuite] $$$$$$$$$$$$$$$$$$$$$                 Product features details       $$$$$$$$$$$$$$$$$$$$$$$$$ 
2015-09-03 12:55:49,197 INFO  [BaseTestSanitySuite] **************************************************************************************** 
2015-09-03 12:55:49,197 INFO  [BaseTestSanitySuite] **************************************************************************************** 
2015-09-03 12:55:49,197 INFO  [BaseTestSanitySuite] Call the function of home page function 
2015-09-03 12:56:03,658 INFO  [BaseTestSanitySuite] Click on Search icon id 
2015-09-03 12:56:12,974 INFO  [BaseTestSanitySuite] sending keys on  search bar 
2015-09-03 12:56:15,303 INFO  [BaseTestSanitySuite] clicking suggested product 
2015-09-03 12:56:21,414 INFO  [BaseTestSanitySuite] swipping the window 
2015-09-03 12:56:25,314 INFO  [BaseTestSanitySuite] verifying assertion 
2015-09-03 12:56:51,781 INFO  [BaseTestSanitySuite] Click on Search icon id 
2015-09-03 12:57:01,448 INFO  [BaseTestSanitySuite] sending keys on  search bar 
2015-09-03 12:57:03,682 INFO  [BaseTestSanitySuite] clicking suggested product 
2015-09-03 12:57:09,608 INFO  [BaseTestSanitySuite] swipping the window 
2015-09-03 12:57:13,590 INFO  [BaseTestSanitySuite] verifying assertion 
2015-09-03 12:57:13,590 INFO  [BaseTestSanitySuite] XXXXXXXXXXXXXXXXXXXXXXX             -E---N---D-             XXXXXXXXXXXXXXXXXXXXXX 
2015-09-03 12:57:13,590 INFO  [BaseTestSanitySuite] X 
2015-09-03 12:57:13,590 INFO  [BaseTestSanitySuite] X 
2015-09-03 12:57:13,591 INFO  [BaseTestSanitySuite] X 
2015-09-03 12:57:13,591 INFO  [BaseTestSanitySuite] X 
2015-09-03 13:05:33,383 INFO  [BaseTestSanitySuite] New driver instantiated 
2015-09-03 13:05:33,407 INFO  [BaseTestSanitySuite] Implicit wait applied 
2015-09-03 13:05:33,422 INFO  [BaseTestSanitySuite] **************************************************************************************** 
2015-09-03 13:05:33,422 INFO  [BaseTestSanitySuite] **************************************************************************************** 
2015-09-03 13:05:33,422 INFO  [BaseTestSanitySuite] $$$$$$$$$$$$$$$$$$$$$                 Product features details       $$$$$$$$$$$$$$$$$$$$$$$$$ 
2015-09-03 13:05:33,422 INFO  [BaseTestSanitySuite] **************************************************************************************** 
2015-09-03 13:05:33,423 INFO  [BaseTestSanitySuite] **************************************************************************************** 
2015-09-03 13:05:33,423 INFO  [BaseTestSanitySuite] Call the function of home page function 
2015-09-03 13:05:45,326 INFO  [BaseTestSanitySuite] Click on Search icon id 
2015-09-03 13:05:55,369 INFO  [BaseTestSanitySuite] sending keys on  search bar 
2015-09-03 13:05:56,777 INFO  [BaseTestSanitySuite] clicking suggested product 
2015-09-03 13:06:02,852 INFO  [BaseTestSanitySuite] swipping the window 
2015-09-03 13:06:08,463 INFO  [BaseTestSanitySuite] verifying assertion 
2015-09-03 13:06:11,874 INFO  [BaseTestSanitySuite] Click on Search icon id 
2015-09-03 13:06:20,466 INFO  [BaseTestSanitySuite] sending keys on  search bar 
2015-09-03 13:06:22,349 INFO  [BaseTestSanitySuite] clicking suggested product 
2015-09-03 13:06:27,614 INFO  [BaseTestSanitySuite] swipping the window 
2015-09-03 13:06:31,256 INFO  [BaseTestSanitySuite] verifying assertion 
2015-09-03 13:06:31,256 INFO  [BaseTestSanitySuite] XXXXXXXXXXXXXXXXXXXXXXX             -E---N---D-             XXXXXXXXXXXXXXXXXXXXXX 
2015-09-03 13:06:31,256 INFO  [BaseTestSanitySuite] X 
2015-09-03 13:06:31,256 INFO  [BaseTestSanitySuite] X 
2015-09-03 13:06:31,257 INFO  [BaseTestSanitySuite] X 
2015-09-03 13:06:31,257 INFO  [BaseTestSanitySuite] X 
2015-09-03 13:07:41,981 INFO  [BaseTestSanitySuite] New driver instantiated 
2015-09-03 13:07:42,008 INFO  [BaseTestSanitySuite] Implicit wait applied 
2015-09-03 13:07:42,028 INFO  [BaseTestSanitySuite] **************************************************************************************** 
2015-09-03 13:07:42,028 INFO  [BaseTestSanitySuite] **************************************************************************************** 
2015-09-03 13:07:42,028 INFO  [BaseTestSanitySuite] $$$$$$$$$$$$$$$$$$$$$                 Product features details       $$$$$$$$$$$$$$$$$$$$$$$$$ 
2015-09-03 13:07:42,028 INFO  [BaseTestSanitySuite] **************************************************************************************** 
2015-09-03 13:07:42,028 INFO  [BaseTestSanitySuite] **************************************************************************************** 
2015-09-03 13:07:42,028 INFO  [BaseTestSanitySuite] Call the function of home page function 
2015-09-03 13:07:55,004 INFO  [BaseTestSanitySuite] Click on Search icon id 
2015-09-03 13:08:03,593 INFO  [BaseTestSanitySuite] sending keys on  search bar 
2015-09-03 13:08:05,529 INFO  [BaseTestSanitySuite] clicking suggested product 
2015-09-03 13:08:11,590 INFO  [BaseTestSanitySuite] swipping the window 
2015-09-03 13:08:12,956 INFO  [BaseTestSanitySuite] clicking on View all link 
2015-09-03 13:08:16,085 INFO  [BaseTestSanitySuite] verifying assertion 
2015-09-03 13:08:17,444 INFO  [BaseTestSanitySuite] Click on Search icon id 
2015-09-03 13:08:27,031 INFO  [BaseTestSanitySuite] sending keys on  search bar 
2015-09-03 13:08:29,229 INFO  [BaseTestSanitySuite] clicking suggested product 
2015-09-03 13:08:34,964 INFO  [BaseTestSanitySuite] swipping the window 
2015-09-03 13:08:36,320 INFO  [BaseTestSanitySuite] clicking on View all link 
2015-09-03 13:08:39,124 INFO  [BaseTestSanitySuite] verifying assertion 
2015-09-03 13:08:39,124 INFO  [BaseTestSanitySuite] XXXXXXXXXXXXXXXXXXXXXXX             -E---N---D-             XXXXXXXXXXXXXXXXXXXXXX 
2015-09-03 13:08:39,124 INFO  [BaseTestSanitySuite] X 
2015-09-03 13:08:39,124 INFO  [BaseTestSanitySuite] X 
2015-09-03 13:08:39,124 INFO  [BaseTestSanitySuite] X 
2015-09-03 13:08:39,124 INFO  [BaseTestSanitySuite] X 
2015-09-03 13:15:48,927 INFO  [BaseTestSanitySuite] New driver instantiated 
2015-09-03 13:15:48,954 INFO  [BaseTestSanitySuite] Implicit wait applied 
2015-09-03 13:15:48,969 INFO  [BaseTestSanitySuite] **************************************************************************************** 
2015-09-03 13:15:48,970 INFO  [BaseTestSanitySuite] **************************************************************************************** 
2015-09-03 13:15:48,970 INFO  [BaseTestSanitySuite] $$$$$$$$$$$$$$$$$$$$$                 Product features details       $$$$$$$$$$$$$$$$$$$$$$$$$ 
2015-09-03 13:15:48,970 INFO  [BaseTestSanitySuite] **************************************************************************************** 
2015-09-03 13:15:48,970 INFO  [BaseTestSanitySuite] **************************************************************************************** 
2015-09-03 13:15:48,970 INFO  [BaseTestSanitySuite] Call the function of home page function 
2015-09-03 13:16:02,720 INFO  [BaseTestSanitySuite] Click on Search icon id 
2015-09-03 13:16:12,180 INFO  [BaseTestSanitySuite] sending keys on  search bar 
2015-09-03 13:16:14,396 INFO  [BaseTestSanitySuite] clicking suggested product 
2015-09-03 13:16:20,222 INFO  [BaseTestSanitySuite] swipping the window 
2015-09-03 13:16:21,680 INFO  [BaseTestSanitySuite] clicking on View all link 
2015-09-03 13:16:25,919 INFO  [BaseTestSanitySuite] verifying assertion 
2015-09-03 13:16:27,204 INFO  [BaseTestSanitySuite] Click on Search icon id 
2015-09-03 13:16:35,835 INFO  [BaseTestSanitySuite] sending keys on  search bar 
2015-09-03 13:16:37,761 INFO  [BaseTestSanitySuite] clicking suggested product 
2015-09-03 13:16:43,393 INFO  [BaseTestSanitySuite] swipping the window 
2015-09-03 13:16:44,655 INFO  [BaseTestSanitySuite] clicking on View all link 
2015-09-03 13:16:48,096 INFO  [BaseTestSanitySuite] verifying assertion 
2015-09-03 13:16:48,096 INFO  [BaseTestSanitySuite] XXXXXXXXXXXXXXXXXXXXXXX             -E---N---D-             XXXXXXXXXXXXXXXXXXXXXX 
2015-09-03 13:16:48,096 INFO  [BaseTestSanitySuite] X 
2015-09-03 13:16:48,097 INFO  [BaseTestSanitySuite] X 
2015-09-03 13:16:48,097 INFO  [BaseTestSanitySuite] X 
2015-09-03 13:16:48,097 INFO  [BaseTestSanitySuite] X 
